<?xml version="1.0" encoding="UTF-8"?>
<!-- Generated by org.testng.reporters.JUnitReportReporter -->
<testsuite hostname="LAPTOP-9TG9LBAG" failures="0" tests="1" name="testcases.TS_003_LogoutFunctionality" time="5.314" errors="0" timestamp="2025-08-06T18:12:05 IST" skipped="0">
  <testcase classname="testcases.TS_003_LogoutFunctionality" name="verify_logout_functionality" time="5.314"/>
</testsuite> <!-- testcases.TS_003_LogoutFunctionality -->
