<?xml version="1.0" encoding="UTF-8"?>
<!-- Generated by org.testng.reporters.JUnitReportReporter -->
<testsuite hostname="LAPTOP-9TG9LBAG" failures="0" tests="1" name="testcases.TS_002_LoginFunctionality" time="1.252" errors="0" timestamp="2025-07-07T23:06:49 IST" skipped="0">
  <testcase classname="testcases.TS_002_LoginFunctionality" name="verify_login" time="1.252"/>
</testsuite> <!-- testcases.TS_002_LoginFunctionality -->
