<?xml version="1.0" encoding="UTF-8"?>
<!-- Generated by org.testng.reporters.JUnitReportReporter -->
<testsuite hostname="LAPTOP-9TG9LBAG" failures="0" tests="1" name="testcases.TS_RF_001_RegisterFunctionality" time="7.037" errors="0" timestamp="2025-07-07T23:06:49 IST" skipped="0">
  <testcase classname="testcases.TS_RF_001_RegisterFunctionality" name="verify_register_functionality" time="7.037"/>
</testsuite> <!-- testcases.TS_RF_001_RegisterFunctionality -->
