<?xml version="1.0" encoding="UTF-8"?>
<!-- Generated by org.testng.reporters.JUnitReportReporter -->
<testsuite hostname="LAPTOP-9TG9LBAG" failures="0" tests="1" name="testcases.TS_002_Login_Funtionality" time="2.318" errors="0" timestamp="2025-06-29T23:16:47 IST" skipped="0">
  <testcase classname="testcases.TS_002_Login_Funtionality" name="verify_login" time="2.318"/>
</testsuite> <!-- testcases.TS_002_Login_Funtionality -->
